[2026-03-21 09:35:30] ==================================================
[2026-03-21 09:35:30] 电子报解析任务监控守护进程启动
[2026-03-21 09:35:30] 启动电子报解析任务...
[2026-03-21 09:35:30] 主任务PID: 21812
[2026-03-21 09:35:30] 新的一天，重置监控状态
[2026-03-21 09:35:30] 今天预期解析 4 个PDF
[2026-03-21 09:35:30] 进度更新: 2/4 个PDF
[2026-03-22 05:00:01] ==================================================
[2026-03-22 05:00:01] 电子报解析任务监控守护进程启动
[2026-03-22 05:00:01] 启动电子报解析任务...
[2026-03-22 05:00:01] 主任务PID: 37360
[2026-03-22 05:00:01] 新的一天，重置监控状态
[2026-03-22 05:00:02] 今天预期解析 4 个PDF
[2026-03-22 05:01:02] 主任务已结束，返回码: 0
[2026-03-22 05:01:02] 任务未完成，第 1/3 次重启...
[2026-03-22 05:01:02] 启动电子报解析任务...
[2026-03-22 05:01:02] 主任务PID: 16096
[2026-03-22 05:02:02] 主任务已结束，返回码: 0
[2026-03-22 05:02:02] 任务未完成，第 2/3 次重启...
[2026-03-22 05:02:02] 启动电子报解析任务...
[2026-03-22 05:02:02] 主任务PID: 37860
[2026-03-22 05:03:02] 主任务已结束，返回码: 0
[2026-03-22 05:03:02] 任务未完成，第 3/3 次重启...
[2026-03-22 05:03:02] 启动电子报解析任务...
[2026-03-22 05:03:02] 主任务PID: 17436
[2026-03-22 05:04:02] 主任务已结束，返回码: 0
[2026-03-22 05:04:02] 已达到最大重试次数 (3)
[2026-03-22 05:04:04] 飞书通知发送成功
[2026-03-22 05:04:04] 监控守护进程结束
[2026-03-22 07:10:58] ==================================================
[2026-03-22 07:10:58] 电子报解析任务监控守护进程启动
[2026-03-22 07:10:58] 启动电子报解析任务...
[2026-03-22 07:10:58] 主任务PID: 34140
[2026-03-22 07:10:58] 今天预期解析 4 个PDF
[2026-03-22 07:11:13] ==================================================
[2026-03-22 07:11:13] 电子报解析任务监控守护进程启动
[2026-03-22 07:11:13] 启动电子报解析任务...
[2026-03-22 07:11:13] 主任务PID: 39392
[2026-03-22 07:11:13] 今天预期解析 4 个PDF
[2026-03-22 07:14:13] 任务卡住！180秒没有进度
[2026-03-22 07:14:13] 终止主任务PID: 39392
[2026-03-22 07:14:15] 已达到最大重试次数 (3)
[2026-03-22 08:05:00] ==================================================
[2026-03-22 08:05:00] 电子报解析任务监控守护进程启动
[2026-03-22 08:05:00] 启动电子报解析任务...
[2026-03-22 08:05:00] 主任务PID: 21092
[2026-03-22 08:05:01] 今天预期解析 4 个PDF
[2026-03-22 08:08:01] 任务卡住！180秒没有进度
[2026-03-22 08:08:01] 终止主任务PID: 21092
[2026-03-22 08:08:03] 已达到最大重试次数 (3)
[2026-03-22 08:08:03] 监控守护进程结束
[2026-03-22 08:09:12] ==================================================
[2026-03-22 08:09:12] 电子报解析任务监控守护进程启动
[2026-03-22 08:09:12] 启动电子报解析任务...
[2026-03-22 08:09:12] 主任务PID: 12212
[2026-03-22 08:09:13] 今天预期解析 4 个PDF
[2026-03-22 08:14:13] 进度更新: 1/4 个PDF
[2026-03-22 08:18:13] 进度更新: 2/4 个PDF
[2026-03-22 08:20:13] 进度更新: 3/4 个PDF
[2026-03-22 08:25:13] 主任务已结束，返回码: 1
[2026-03-22 08:25:13] 已达到最大重试次数 (3)
[2026-03-22 08:25:14] 监控守护进程结束
[2026-03-22 09:06:41] ==================================================
[2026-03-22 09:06:41] 电子报解析任务监控守护进程启动
[2026-03-22 09:06:41] 启动电子报解析任务...
[2026-03-22 09:06:41] 主任务PID: 9224
[2026-03-22 09:06:42] 今天预期解析 4 个PDF
[2026-03-22 09:06:42] 进度更新: 3/4 个PDF
[2026-03-22 09:27:15] ==================================================
[2026-03-22 09:27:15] 电子报解析任务监控守护进程启动
[2026-03-22 09:27:15] 启动电子报解析任务...
[2026-03-22 09:27:15] 主任务PID: 12516
[2026-03-22 09:27:15] 今天预期解析 4 个PDF
[2026-03-22 09:27:15] 进度更新: 3/4 个PDF
[2026-03-22 09:32:15] 主任务已结束，返回码: 0
[2026-03-22 09:32:15] 任务完成！已解析 4/4 个PDF
[2026-03-22 09:32:16] 监控守护进程结束
[2026-03-23 05:00:02] ==================================================
[2026-03-23 05:00:02] 电子报解析任务监控守护进程启动
[2026-03-23 05:00:02] 启动电子报解析任务...
[2026-03-23 05:00:02] 主任务PID: 10704
[2026-03-23 05:00:02] 新的一天，重置监控状态
[2026-03-23 05:00:03] 今天预期解析 4 个PDF
[2026-03-23 05:01:03] 主任务已结束，返回码: 0
[2026-03-23 05:01:03] 任务未完成，第 1/3 次重启...
[2026-03-23 05:01:03] 启动电子报解析任务...
[2026-03-23 05:01:03] 主任务PID: 2272
[2026-03-23 05:02:03] 主任务已结束，返回码: 0
[2026-03-23 05:02:03] 任务未完成，第 2/3 次重启...
[2026-03-23 05:02:03] 启动电子报解析任务...
[2026-03-23 05:02:03] 主任务PID: 9580
[2026-03-23 05:03:03] 主任务已结束，返回码: 0
[2026-03-23 05:03:03] 任务未完成，第 3/3 次重启...
[2026-03-23 05:03:03] 启动电子报解析任务...
[2026-03-23 05:03:03] 主任务PID: 2148
[2026-03-23 05:04:03] 主任务已结束，返回码: 0
[2026-03-23 05:04:03] 已达到最大重试次数 (3)
[2026-03-23 05:04:07] 发送飞书通知时出错: <urlopen error [WinError 10061] 由于目标计算机积极拒绝，无法连接。>
[2026-03-23 05:04:07] 监控守护进程结束
[2026-03-23 07:56:26] ==================================================
[2026-03-23 07:56:26] 电子报解析任务监控守护进程启动
[2026-03-23 07:56:26] 启动电子报解析任务...
[2026-03-23 07:56:26] 主任务PID: 12608
[2026-03-23 07:56:26] 今天预期解析 4 个PDF
[2026-03-23 08:10:58] ==================================================
[2026-03-23 08:10:58] 电子报解析任务监控守护进程启动
[2026-03-23 08:10:58] 启动电子报解析任务...
[2026-03-23 08:10:59] 主任务PID: 24416
[2026-03-23 08:10:59] 今天预期解析 4 个PDF
[2026-03-23 08:14:06] 收到中断信号，正在停止...
[2026-03-23 08:14:06] 终止主任务PID: 24416
[2026-03-23 08:15:04] ==================================================
[2026-03-23 08:15:04] 电子报解析任务监控守护进程启动
[2026-03-23 08:15:04] 启动电子报解析任务...
[2026-03-23 08:15:04] 主任务PID: 14248
[2026-03-23 08:15:04] 今天预期解析 4 个PDF
[2026-03-23 08:20:04] 进度更新: 1/4 个PDF
[2026-03-23 08:49:30] ==================================================
[2026-03-23 08:49:30] 电子报解析任务监控守护进程启动
[2026-03-23 08:49:30] 启动电子报解析任务...
[2026-03-23 08:49:30] 主任务PID: 24172
[2026-03-23 08:49:31] 今天预期解析 4 个PDF
[2026-03-23 08:49:31] 进度更新: 1/4 个PDF
[2026-03-23 08:51:31] 进度更新: 2/4 个PDF
[2026-03-23 09:22:35] ==================================================
[2026-03-23 09:22:35] 电子报解析任务监控守护进程启动
[2026-03-23 09:22:35] 启动电子报解析任务...
[2026-03-23 09:22:35] 主任务PID: 25360
[2026-03-23 09:22:35] 今天预期解析 4 个PDF
[2026-03-23 09:22:35] 进度更新: 2/4 个PDF
[2026-03-23 10:38:06] ==================================================
[2026-03-23 10:38:06] 电子报解析任务监控守护进程启动
[2026-03-23 10:38:06] 启动电子报解析任务...
[2026-03-23 10:38:06] 主任务PID: 33624
[2026-03-23 10:38:07] 今天预期解析 4 个PDF
[2026-03-23 10:38:07] 进度更新: 2/4 个PDF
[2026-03-23 10:48:07] 任务卡住！600秒没有进度
[2026-03-23 10:48:07] 终止主任务PID: 33624
[2026-03-23 10:48:09] 已达到最大重试次数 (3)
[2026-03-23 10:48:09] 发送飞书通知时出错: 'ascii' codec can't encode characters in position 28-37: ordinal not in range(128)
[2026-03-23 10:48:09] 监控守护进程结束
[2026-03-23 10:48:23] ==================================================
[2026-03-23 10:48:23] 电子报解析任务监控守护进程启动
[2026-03-23 10:48:23] 启动电子报解析任务...
[2026-03-23 10:48:23] 主任务PID: 27424
[2026-03-23 10:48:24] 今天预期解析 4 个PDF
[2026-03-23 10:48:24] 进度更新: 2/4 个PDF
[2026-03-23 10:54:24] 进度更新: 3/4 个PDF
[2026-03-23 10:57:24] 进度更新: 4/4 个PDF
[2026-03-23 10:58:24] 主任务已结束，返回码: 0
[2026-03-23 10:58:24] 任务完成！已解析 4/4 个PDF
[2026-03-23 10:58:24] 发送飞书通知时出错: 'ascii' codec can't encode characters in position 28-37: ordinal not in range(128)
[2026-03-23 10:58:25] 监控守护进程结束
[2026-03-24 05:00:02] ==================================================
[2026-03-24 05:00:02] 电子报解析任务监控守护进程启动
[2026-03-24 05:00:02] 启动电子报解析任务...
[2026-03-24 05:00:02] 主任务PID: 32744
[2026-03-24 05:00:02] 新的一天，重置监控状态
[2026-03-24 05:00:03] 今天预期解析 8 个PDF
[2026-03-24 05:10:03] 任务卡住！600秒没有进度
[2026-03-24 05:10:03] 终止主任务PID: 32744
[2026-03-24 05:10:05] 第 1/3 次重启...
[2026-03-24 05:10:05] 启动电子报解析任务...
[2026-03-24 05:10:05] 主任务PID: 15220
[2026-03-24 05:15:05] 进度更新: 1/8 个PDF
[2026-03-24 05:17:05] 进度更新: 2/8 个PDF
[2026-03-24 05:22:05] 进度更新: 3/8 个PDF
[2026-03-24 05:26:05] 进度更新: 4/8 个PDF
[2026-03-24 05:30:05] 进度更新: 5/8 个PDF
[2026-03-24 05:33:05] 进度更新: 6/8 个PDF
[2026-03-24 05:36:05] 进度更新: 7/8 个PDF
[2026-03-24 05:40:05] 主任务已结束，返回码: 0
[2026-03-24 05:40:05] 任务完成！已解析 8/8 个PDF
[2026-03-24 05:40:07] 飞书通知发送成功
[2026-03-24 05:40:08] 监控守护进程结束
[2026-03-25 05:00:03] ==================================================
[2026-03-25 05:00:03] 电子报解析任务监控守护进程启动
[2026-03-25 05:00:03] 启动电子报解析任务...
[2026-03-25 05:00:03] 主任务PID: 23468
[2026-03-25 05:00:03] 新的一天，重置监控状态
[2026-03-25 05:00:04] 今天预期解析 8 个PDF
[2026-03-25 05:04:04] 进度更新: 1/8 个PDF
[2026-03-25 05:09:04] 进度更新: 2/8 个PDF
[2026-03-25 05:11:04] 进度更新: 3/8 个PDF
[2026-03-25 05:14:04] 进度更新: 4/8 个PDF
[2026-03-25 05:18:04] 进度更新: 5/8 个PDF
[2026-03-25 05:21:04] 进度更新: 6/8 个PDF
[2026-03-25 05:24:04] 进度更新: 7/8 个PDF
[2026-03-25 05:30:04] 进度更新: 8/8 个PDF
[2026-03-25 05:31:04] 主任务已结束，返回码: 0
[2026-03-25 05:31:04] 任务完成！已解析 8/8 个PDF
[2026-03-25 05:31:06] 飞书通知发送成功
[2026-03-25 05:31:07] 监控守护进程结束
