[2026-03-22 09:12:52] ==================================================
[2026-03-22 09:12:52] Heartbeat网络检查
[2026-03-22 09:12:52] ==================================================
[2026-03-22 09:12:52] 检查网络连接...
[2026-03-22 09:12:52] 网络连接正常
[2026-03-22 09:32:23] ==================================================
[2026-03-22 09:32:23] Heartbeat网络检查
[2026-03-22 09:32:23] ==================================================
[2026-03-22 09:32:23] 检查网络连接...
[2026-03-22 09:32:23] 网络连接正常
[2026-03-22 10:02:25] ==================================================
[2026-03-22 10:02:25] Heartbeat网络检查
[2026-03-22 10:02:25] ==================================================
[2026-03-22 10:02:25] 检查网络连接...
[2026-03-22 10:02:25] 网络连接正常
[2026-03-22 10:32:22] ==================================================
[2026-03-22 10:32:22] Heartbeat网络检查
[2026-03-22 10:32:22] ==================================================
[2026-03-22 10:32:22] 检查网络连接...
[2026-03-22 10:32:22] 网络连接正常
[2026-03-22 11:02:34] ==================================================
[2026-03-22 11:02:34] Heartbeat网络检查
[2026-03-22 11:02:34] ==================================================
[2026-03-22 11:02:34] 检查网络连接...
[2026-03-22 11:02:34] 网络连接正常
[2026-03-22 12:02:25] ==================================================
[2026-03-22 12:02:25] Heartbeat网络检查
[2026-03-22 12:02:25] ==================================================
[2026-03-22 12:02:25] 检查网络连接...
[2026-03-22 12:02:25] 网络连接正常
[2026-03-22 12:32:22] ==================================================
[2026-03-22 12:32:22] Heartbeat网络检查
[2026-03-22 12:32:22] ==================================================
[2026-03-22 12:32:22] 检查网络连接...
[2026-03-22 12:32:22] 网络连接正常
[2026-03-22 13:02:51] ==================================================
[2026-03-22 13:02:51] Heartbeat网络检查
[2026-03-22 13:02:51] ==================================================
[2026-03-22 13:02:51] 检查网络连接...
[2026-03-22 13:02:51] 网络连接正常
[2026-03-22 13:32:23] ==================================================
[2026-03-22 13:32:23] Heartbeat网络检查
[2026-03-22 13:32:23] ==================================================
[2026-03-22 13:32:23] 检查网络连接...
[2026-03-22 13:32:23] 网络连接正常
[2026-03-22 14:02:43] ==================================================
[2026-03-22 14:02:43] Heartbeat网络检查
[2026-03-22 14:02:43] ==================================================
[2026-03-22 14:02:43] 检查网络连接...
[2026-03-22 14:02:43] 网络连接正常
[2026-03-22 14:32:43] ==================================================
[2026-03-22 14:32:43] Heartbeat网络检查
[2026-03-22 14:32:43] ==================================================
[2026-03-22 14:32:43] 检查网络连接...
[2026-03-22 14:32:43] 网络连接正常
[2026-03-22 15:03:00] ==================================================
[2026-03-22 15:03:00] Heartbeat网络检查
[2026-03-22 15:03:00] ==================================================
[2026-03-22 15:03:00] 检查网络连接...
[2026-03-22 15:03:00] 网络连接正常
[2026-03-22 15:32:43] ==================================================
[2026-03-22 15:32:43] Heartbeat网络检查
[2026-03-22 15:32:43] ==================================================
[2026-03-22 15:32:43] 检查网络连接...
[2026-03-22 15:32:43] 网络连接正常
[2026-03-22 16:02:42] ==================================================
[2026-03-22 16:02:42] Heartbeat网络检查
[2026-03-22 16:02:42] ==================================================
[2026-03-22 16:02:42] 检查网络连接...
[2026-03-22 16:02:42] 网络连接正常
[2026-03-22 16:32:22] ==================================================
[2026-03-22 16:32:22] Heartbeat网络检查
[2026-03-22 16:32:22] ==================================================
[2026-03-22 16:32:22] 检查网络连接...
[2026-03-22 16:32:22] 网络连接正常
[2026-03-22 17:02:54] ==================================================
[2026-03-22 17:02:54] Heartbeat网络检查
[2026-03-22 17:02:54] ==================================================
[2026-03-22 17:02:54] 检查网络连接...
[2026-03-22 17:02:54] 网络连接正常
[2026-03-22 17:32:42] ==================================================
[2026-03-22 17:32:42] Heartbeat网络检查
[2026-03-22 17:32:42] ==================================================
[2026-03-22 17:32:42] 检查网络连接...
[2026-03-22 17:32:42] 网络连接正常
[2026-03-22 18:02:23] ==================================================
[2026-03-22 18:02:23] Heartbeat网络检查
[2026-03-22 18:02:23] ==================================================
[2026-03-22 18:02:23] 检查网络连接...
[2026-03-22 18:02:23] 网络连接正常
[2026-03-22 18:32:43] ==================================================
[2026-03-22 18:32:43] Heartbeat网络检查
[2026-03-22 18:32:43] ==================================================
[2026-03-22 18:32:43] 检查网络连接...
[2026-03-22 18:32:43] 网络连接正常
[2026-03-22 19:02:43] ==================================================
[2026-03-22 19:02:43] Heartbeat网络检查
[2026-03-22 19:02:43] ==================================================
[2026-03-22 19:02:43] 检查网络连接...
[2026-03-22 19:02:43] 网络连接正常
[2026-03-22 19:32:45] ==================================================
[2026-03-22 19:32:45] Heartbeat网络检查
[2026-03-22 19:32:45] ==================================================
[2026-03-22 19:32:45] 检查网络连接...
[2026-03-22 19:32:45] 网络连接正常
[2026-03-22 20:02:57] ==================================================
[2026-03-22 20:02:57] Heartbeat网络检查
[2026-03-22 20:02:57] ==================================================
[2026-03-22 20:02:57] 检查网络连接...
[2026-03-22 20:02:57] 网络连接正常
[2026-03-22 20:32:45] ==================================================
[2026-03-22 20:32:45] Heartbeat网络检查
[2026-03-22 20:32:45] ==================================================
[2026-03-22 20:32:45] 检查网络连接...
[2026-03-22 20:32:45] 网络连接正常
[2026-03-22 21:03:12] ==================================================
[2026-03-22 21:03:12] Heartbeat网络检查
[2026-03-22 21:03:12] ==================================================
[2026-03-22 21:03:12] 检查网络连接...
[2026-03-22 21:03:12] 网络连接正常
[2026-03-22 21:32:45] ==================================================
[2026-03-22 21:32:45] Heartbeat网络检查
[2026-03-22 21:32:45] ==================================================
[2026-03-22 21:32:45] 检查网络连接...
[2026-03-22 21:32:45] 网络连接正常
[2026-03-22 22:02:54] ==================================================
[2026-03-22 22:02:54] Heartbeat网络检查
[2026-03-22 22:02:54] ==================================================
[2026-03-22 22:02:54] 检查网络连接...
[2026-03-22 22:02:54] 网络连接正常
[2026-03-22 22:32:45] ==================================================
[2026-03-22 22:32:45] Heartbeat网络检查
[2026-03-22 22:32:45] ==================================================
[2026-03-22 22:32:45] 检查网络连接...
[2026-03-22 22:32:45] 网络连接正常
[2026-03-22 23:02:51] ==================================================
[2026-03-22 23:02:51] Heartbeat网络检查
[2026-03-22 23:02:51] ==================================================
[2026-03-22 23:02:51] 检查网络连接...
[2026-03-22 23:02:51] 网络连接正常
[2026-03-23 08:20:37] ==================================================
[2026-03-23 08:20:37] Heartbeat网络检查
[2026-03-23 08:20:37] ==================================================
[2026-03-23 08:20:37] 检查网络连接...
[2026-03-23 08:20:37] 网络连接正常
[2026-03-23 09:25:31] ==================================================
[2026-03-23 09:25:31] Heartbeat网络检查
[2026-03-23 09:25:31] ==================================================
[2026-03-23 09:25:31] 检查网络连接...
[2026-03-23 09:25:31] 网络连接正常
2026-03-24 04:04:06 - Heartbeat check: Network OK (0% loss, 10ms avg), CPU 21%, Memory 43.2GB free
2026-03-24 04:34:03 - Heartbeat check: Network OK (0% loss, 10ms avg)
2026-03-24 05:04:46 - Heartbeat check: Network OK (0% loss, 11ms avg)
2026-03-24 05:34:04 - Heartbeat check: Network OK (0% loss, 10ms avg), CPU 42%, Memory 43.2GB free
2026-03-24 06:04:07 - Heartbeat check: Network OK (0% loss, 12ms avg)
2026-03-24 06:34:05 - Heartbeat check: Network OK (0% loss, 11ms avg)
2026-03-24 07:04:34 - Heartbeat check: Network OK (0% loss, 11ms avg)
2026-03-24 07:34:09 - Heartbeat check: Network OK (0% loss, 10ms avg), CPU 34%, Memory 43.2GB free
2026-03-24 08:59:19 - Heartbeat check: Network OK (0% loss, 11ms avg), CPU 15%, Memory 40GB free
2026-03-24 09:59:10 - Heartbeat check: Network OK (0% loss, 13ms avg)
2026-03-24 10:29:17 - Heartbeat check: Network OK (0% loss, 10ms avg), CPU 36%, Memory 40.6GB free
2026-03-24 10:59:27 - Heartbeat check: Network OK (0% loss, 10ms avg), CPU 11%, Memory 40GB free
2026-03-24 11:29:20 - Heartbeat check: Network OK (0% loss, 11ms avg), CPU 11%, Memory 40GB free
2026-03-24 11:59:11 - Heartbeat check: Network OK (0% loss, 10ms avg)
2026-03-24 12:29:06 - Heartbeat check: Network OK (0% loss, 11ms avg), CPU 33%, Memory 40.7GB free
2026-03-24 12:59:07 - Heartbeat check: Network OK (0% loss, 10ms avg), CPU 14%, Memory 40.7GB free
2026-03-24 13:29:07 - Heartbeat check: Network OK (0% loss, 11ms avg), CPU 15%, Memory 40.7GB free
2026-03-24 13:59:22 - Heartbeat check: Network OK (0% loss, 10ms avg)
2026-03-24 14:29:46 - Heartbeat check: Network OK (0% loss, 10ms avg), CPU 28%, Memory 40.1GB free
2026-03-24 14:59:34 - Heartbeat check: Network OK (0% loss, 11ms avg), CPU 32%, Memory 40.4GB free
2026-03-24 15:29:22 - Heartbeat check: Network OK (0% loss, 11ms avg)
2026-03-24 15:59:19 - Heartbeat check: Network OK (0% loss, 11ms avg), CPU 32%, Memory 40.2GB free
2026-03-24 16:29:18 - Heartbeat check: Network OK (0% loss, 11ms avg), CPU 32%, Memory 39.6GB free
2026-03-24 16:59:20 - Heartbeat check: Network OK (0% loss, 10ms avg), CPU 17%, Memory 39.4GB free
2026-03-24 17:29:36 - Heartbeat check: Network OK (0% loss, 10ms avg), CPU 38%, Memory 38.3GB free
2026-03-24 17:59:36 - Heartbeat check: Network OK (0% loss, 11ms avg), CPU 25%, Memory 39.3GB free
2026-03-24 18:29:35 - Heartbeat check: Network OK (0% loss, 10ms avg), CPU 24%, Memory 39.3GB free
2026-03-24 18:59:08 - Heartbeat check: Network OK (0% loss, 10ms avg), CPU 22%, Memory 39.2GB free
2026-03-24 19:29:02 - Heartbeat check: Network OK (0% loss, 10ms avg)
2026-03-24 19:59:32 - Heartbeat check: Network OK (0% loss, 10ms avg)
2026-03-24 20:29:31 - Heartbeat check: Network OK (0% loss, 10ms avg)
2026-03-24 20:59:35 - Heartbeat check: Network OK (0% loss, 10ms avg), CPU 19%, Memory 39.2GB free
2026-03-24 21:29:32 - Heartbeat check: Network OK (0% loss, 10ms avg)
2026-03-24 22:00:10 - Heartbeat check: Network OK (0% loss, 10ms avg), CPU 18%, Memory 39GB free
2026-03-24 22:29:39 - Heartbeat check: Network OK (0% loss, 10ms avg), CPU 35%, Memory 38.8GB free
2026-03-24 22:59:39 - Heartbeat check: Network OK (0% loss, 11ms avg), CPU 18%, Memory 39GB free
2026-03-24 23:29:30 - Heartbeat check: Network OK (0% loss, 10ms avg)
2026-03-24 23:59:37 - Heartbeat check: Network OK (0% loss, 11ms avg), CPU 28%, Memory 38.9GB free
2026-03-25 00:29:04 - Heartbeat check: Network OK (0% loss, 11ms avg)
2026-03-25 00:59:35 - Heartbeat check: Network OK (0% loss, 11ms avg), CPU 28%, Memory 38.5GB free
2026-03-25 01:29:05 - Heartbeat check: Network OK (0% loss, 10ms avg)
2026-03-25 01:59:33 - Heartbeat check: Network OK (0% loss, 10ms avg)
2026-03-25 02:29:12 - Heartbeat check: Network OK (0% loss, 12ms avg), CPU 23%, Memory 38.9GB free
2026-03-25 02:59:14 - Heartbeat check: Network OK (0% loss, 10ms avg), CPU 23%, Memory 38.9GB free
2026-03-25 03:29:37 - Heartbeat check: Network OK (0% loss, 11ms avg), CPU 11%, Memory 38.8GB free
2026-03-25 03:59:05 - Heartbeat check: Network OK (0% loss, 10ms avg)
